Build started 9/17/2013 8:16:00 AM.
     1>Project "C:\c++\TM_Exam\Part2\kalahTMG\kalahTMG\kalahTMG.vcxproj" on node 2 (Build target(s)).
     1>InitializeBuildStatus:
         Creating "Release\kalahTMG.unsuccessfulbuild" because "AlwaysCreate" was specified.
       ClCompile:
         C:\Vs Pro 12\VC\bin\CL.exe /c /Zi /nologo /W3 /WX- /O2 /Oi /Oy- /GL /D WIN32 /D NDEBUG /D _CONSOLE /D _UNICODE /D UNICODE /Gm- /EHsc /MD /GS /Gy /fp:precise /Zc:wchar_t /Zc:forScope /Fo"Release\\" /Fd"Release\vc110.pdb" /Gd /TP /analyze- /errorReport:prompt Board.cpp PlayerStrategies.cpp gameFactory.cpp
         Board.cpp
     1>Board.cpp(18): warning C4244: 'argument' : conversion from 'time_t' to 'unsigned int', possible loss of data
     1>Board.cpp(104): warning C4101: 'nextPit' : unreferenced local variable
         PlayerStrategies.cpp
     1>PlayerStrategies.cpp(110): warning C4244: 'argument' : conversion from 'time_t' to 'unsigned int', possible loss of data
     1>PlayerStrategies.cpp(134): warning C4244: 'argument' : conversion from 'time_t' to 'unsigned int', possible loss of data
     1>PlayerStrategies.cpp(158): warning C4244: 'argument' : conversion from 'time_t' to 'unsigned int', possible loss of data
     1>PlayerStrategies.cpp(190): warning C4244: 'argument' : conversion from 'time_t' to 'unsigned int', possible loss of data
     1>PlayerStrategies.cpp(209): warning C4244: 'argument' : conversion from 'time_t' to 'unsigned int', possible loss of data
         gameFactory.cpp
       Link:
         C:\Vs Pro 12\VC\bin\link.exe /ERRORREPORT:PROMPT /OUT:"C:\c++\TM_Exam\Part2\kalahTMG\Release\kalahTMG.exe" /INCREMENTAL:NO /NOLOGO kernel32.lib user32.lib gdi32.lib winspool.lib comdlg32.lib advapi32.lib shell32.lib ole32.lib oleaut32.lib uuid.lib odbc32.lib odbccp32.lib /MANIFEST /MANIFESTUAC:"level='asInvoker' uiAccess='false'" /manifest:embed /DEBUG /PDB:"C:\c++\TM_Exam\Part2\kalahTMG\Release\kalahTMG.pdb" /SUBSYSTEM:CONSOLE /OPT:REF /OPT:ICF /LTCG /TLBID:1 /DYNAMICBASE /NXCOMPAT /IMPLIB:"C:\c++\TM_Exam\Part2\kalahTMG\Release\kalahTMG.lib" /MACHINE:X86 /SAFESEH Release\Board.obj
         Release\gameFactory.obj
         Release\main.obj
         Release\Player.obj
         Release\PlayerStrategies.obj
         Generating code
         Finished generating code
         kalahTMG.vcxproj -> C:\c++\TM_Exam\Part2\kalahTMG\Release\kalahTMG.exe
       FinalizeBuildStatus:
         Deleting file "Release\kalahTMG.unsuccessfulbuild".
         Touching "Release\kalahTMG.lastbuildstate".
     1>Done Building Project "C:\c++\TM_Exam\Part2\kalahTMG\kalahTMG\kalahTMG.vcxproj" (Build target(s)).

Build succeeded.

Time Elapsed 00:00:02.34
