Build started 9/17/2013 8:15:22 AM.
     1>Project "C:\c++\TM_Exam\Part2\kalahTMG\kalahTMG\kalahTMG.vcxproj" on node 2 (Build target(s)).
     1>InitializeBuildStatus:
         Creating "Debug\kalahTMG.unsuccessfulbuild" because "AlwaysCreate" was specified.
       ClCompile:
         C:\Vs Pro 12\VC\bin\CL.exe /c /ZI /nologo /W3 /WX- /Od /Oy- /D WIN32 /D _DEBUG /D _CONSOLE /D _UNICODE /D UNICODE /Gm /EHsc /RTC1 /MDd /GS /fp:precise /Zc:wchar_t /Zc:forScope /Fo"Debug\\" /Fd"Debug\vc110.pdb" /Gd /TP /analyze- /errorReport:prompt Board.cpp PlayerStrategies.cpp
         PlayerStrategies.cpp
     1>c:\c++\tm_exam\part2\kalahtmg\kalahtmg\playerstrategies.cpp(110): warning C4244: 'argument' : conversion from 'time_t' to 'unsigned int', possible loss of data
     1>c:\c++\tm_exam\part2\kalahtmg\kalahtmg\playerstrategies.cpp(134): warning C4244: 'argument' : conversion from 'time_t' to 'unsigned int', possible loss of data
     1>c:\c++\tm_exam\part2\kalahtmg\kalahtmg\playerstrategies.cpp(158): warning C4244: 'argument' : conversion from 'time_t' to 'unsigned int', possible loss of data
     1>c:\c++\tm_exam\part2\kalahtmg\kalahtmg\playerstrategies.cpp(190): warning C4244: 'argument' : conversion from 'time_t' to 'unsigned int', possible loss of data
     1>c:\c++\tm_exam\part2\kalahtmg\kalahtmg\playerstrategies.cpp(209): warning C4244: 'argument' : conversion from 'time_t' to 'unsigned int', possible loss of data
         Board.cpp
     1>c:\c++\tm_exam\part2\kalahtmg\kalahtmg\board.cpp(18): warning C4244: 'argument' : conversion from 'time_t' to 'unsigned int', possible loss of data
     1>c:\c++\tm_exam\part2\kalahtmg\kalahtmg\board.cpp(104): warning C4101: 'nextPit' : unreferenced local variable
         Generating Code...
       Link:
         C:\Vs Pro 12\VC\bin\link.exe /ERRORREPORT:PROMPT /OUT:"C:\c++\TM_Exam\Part2\kalahTMG\Debug\kalahTMG.exe" /INCREMENTAL /NOLOGO kernel32.lib user32.lib gdi32.lib winspool.lib comdlg32.lib advapi32.lib shell32.lib ole32.lib oleaut32.lib uuid.lib odbc32.lib odbccp32.lib /MANIFEST /MANIFESTUAC:"level='asInvoker' uiAccess='false'" /manifest:embed /DEBUG /PDB:"C:\c++\TM_Exam\Part2\kalahTMG\Debug\kalahTMG.pdb" /SUBSYSTEM:CONSOLE /TLBID:1 /DYNAMICBASE /NXCOMPAT /IMPLIB:"C:\c++\TM_Exam\Part2\kalahTMG\Debug\kalahTMG.lib" /MACHINE:X86 Debug\Board.obj
         Debug\gameFactory.obj
         Debug\main.obj
         Debug\Player.obj
         Debug\PlayerStrategies.obj
         kalahTMG.vcxproj -> C:\c++\TM_Exam\Part2\kalahTMG\Debug\kalahTMG.exe
       FinalizeBuildStatus:
         Deleting file "Debug\kalahTMG.unsuccessfulbuild".
         Touching "Debug\kalahTMG.lastbuildstate".
     1>Done Building Project "C:\c++\TM_Exam\Part2\kalahTMG\kalahTMG\kalahTMG.vcxproj" (Build target(s)).

Build succeeded.

Time Elapsed 00:00:01.89
